<?xml version="1.0" encoding="UTF-8" ?>
<testsuite failures="0" time="1.239" errors="0" skipped="0" tests="5" name="com.issun.component.morphia.DeptDAOTest">
  <properties>
[...]
</properties>
  <testcase time="1.087" classname="com.issun.component.morphia.DeptDAOTest" name="testSave"/>
  <testcase time="0.127" classname="com.issun.component.morphia.DeptDAOTest" name="testGet"/>
  <testcase time="0.009" classname="com.issun.component.morphia.DeptDAOTest" name="testGetByName"/>
  <testcase time="0.008" classname="com.issun.component.morphia.DeptDAOTest" name="testUpdate"/>
  <testcase time="0.008" classname="com.issun.component.morphia.DeptDAOTest" name="testDelete"/>
</testsuite>